
> mel-systems@0.1.0 build
> next build

   ▲ Next.js 15.3.3

   Creating an optimized production build ...
 ✓ Compiled successfully in 5.0s
   Linting and checking validity of types ...

./src/app/applications/page.tsx
1:42  Warning: 'getApplicationsByCategory' is defined but never used.  @typescript-eslint/no-unused-vars
2:46  Warning: 'CardHeader' is defined but never used.  @typescript-eslint/no-unused-vars
2:58  Warning: 'CardTitle' is defined but never used.  @typescript-eslint/no-unused-vars
138:16  Warning: `'` can be escaped with `&apos;`, `&lsquo;`, `&#39;`, `&rsquo;`.  react/no-unescaped-entities

./src/app/careers/page.tsx
232:7  Warning: 'locations' is assigned a value but never used.  @typescript-eslint/no-unused-vars
265:31  Warning: `'` can be escaped with `&apos;`, `&lsquo;`, `&#39;`, `&rsquo;`.  react/no-unescaped-entities
478:16  Warning: `'` can be escaped with `&apos;`, `&lsquo;`, `&#39;`, `&rsquo;`.  react/no-unescaped-entities
478:43  Warning: `'` can be escaped with `&apos;`, `&lsquo;`, `&#39;`, `&rsquo;`.  react/no-unescaped-entities

./src/app/contact/page.tsx
55:67  Warning: `'` can be escaped with `&apos;`, `&lsquo;`, `&#39;`, `&rsquo;`.  react/no-unescaped-entities
232:60  Warning: `'` can be escaped with `&apos;`, `&lsquo;`, `&#39;`, `&rsquo;`.  react/no-unescaped-entities

./src/app/products/oil-conditioning/evamo/page-new.tsx
4:54  Warning: 'Clock' is defined but never used.  @typescript-eslint/no-unused-vars
4:88  Warning: 'Search' is defined but never used.  @typescript-eslint/no-unused-vars
87:27  Warning: `'` can be escaped with `&apos;`, `&lsquo;`, `&#39;`, `&rsquo;`.  react/no-unescaped-entities

./src/app/products/oil-conditioning/evamo/page.tsx
4:54  Warning: 'Clock' is defined but never used.  @typescript-eslint/no-unused-vars
4:88  Warning: 'Search' is defined but never used.  @typescript-eslint/no-unused-vars
87:27  Warning: `'` can be escaped with `&apos;`, `&lsquo;`, `&#39;`, `&rsquo;`.  react/no-unescaped-entities

./src/app/products/oil-conditioning/filtertechnik/page-new.tsx
5:48  Warning: 'BarChart3' is defined but never used.  @typescript-eslint/no-unused-vars
5:59  Warning: 'Clock' is defined but never used.  @typescript-eslint/no-unused-vars

./src/app/products/oil-conditioning/filtertechnik/page.tsx
5:48  Warning: 'BarChart3' is defined but never used.  @typescript-eslint/no-unused-vars
5:59  Warning: 'Clock' is defined but never used.  @typescript-eslint/no-unused-vars

./src/app/products/oil-conditioning/filtertechnik/particle-pal/page.tsx
6:11  Warning: 'breadcrumbItems' is assigned a value but never used.  @typescript-eslint/no-unused-vars

./src/app/products/oil-conditioning/filtertechnik/s120-digital-imaging-particle-counter/page.tsx
70:46  Warning: `"` can be escaped with `&quot;`, `&ldquo;`, `&#34;`, `&rdquo;`.  react/no-unescaped-entities

./src/app/products/oil-conditioning/hydrotechnik/page-new.tsx
5:44  Warning: 'Smartphone' is defined but never used.  @typescript-eslint/no-unused-vars
5:56  Warning: 'Clock' is defined but never used.  @typescript-eslint/no-unused-vars

./src/app/products/oil-conditioning/hydrotechnik/page.tsx
5:44  Warning: 'Smartphone' is defined but never used.  @typescript-eslint/no-unused-vars
5:56  Warning: 'Clock' is defined but never used.  @typescript-eslint/no-unused-vars

./src/app/products/oil-conditioning/page.tsx
26:31  Warning: Unexpected any. Specify a different type.  @typescript-eslint/no-explicit-any

./src/app/products/oil-conditioning/tandelta/cables/page.tsx
2:8  Warning: 'Link' is defined but never used.  @typescript-eslint/no-unused-vars

./src/app/products/oil-conditioning/tandelta/page-new.tsx
5:33  Warning: 'Shield' is defined but never used.  @typescript-eslint/no-unused-vars
5:41  Warning: 'TrendingUp' is defined but never used.  @typescript-eslint/no-unused-vars
5:53  Warning: 'Clock' is defined but never used.  @typescript-eslint/no-unused-vars
5:87  Warning: 'Filter' is defined but never used.  @typescript-eslint/no-unused-vars

./src/app/products/oil-conditioning/tandelta/page.tsx
5:33  Warning: 'Shield' is defined but never used.  @typescript-eslint/no-unused-vars
5:41  Warning: 'TrendingUp' is defined but never used.  @typescript-eslint/no-unused-vars
5:53  Warning: 'Clock' is defined but never used.  @typescript-eslint/no-unused-vars
5:87  Warning: 'Filter' is defined but never used.  @typescript-eslint/no-unused-vars

./src/app/products/systems/crane-cameras/page.tsx
2:8  Warning: 'Link' is defined but never used.  @typescript-eslint/no-unused-vars

./src/components/Footer.tsx
58:64  Warning: 'index' is defined but never used.  @typescript-eslint/no-unused-vars
77:65  Warning: 'index' is defined but never used.  @typescript-eslint/no-unused-vars
96:73  Warning: 'index' is defined but never used.  @typescript-eslint/no-unused-vars

./src/components/Navbar.tsx
4:3  Warning: 'NavigationMenu' is defined but never used.  @typescript-eslint/no-unused-vars
5:3  Warning: 'NavigationMenuItem' is defined but never used.  @typescript-eslint/no-unused-vars
6:3  Warning: 'NavigationMenuLink' is defined but never used.  @typescript-eslint/no-unused-vars
7:3  Warning: 'NavigationMenuList' is defined but never used.  @typescript-eslint/no-unused-vars
8:3  Warning: 'navigationMenuTriggerStyle' is defined but never used.  @typescript-eslint/no-unused-vars
13:33  Warning: 'useEffect' is defined but never used.  @typescript-eslint/no-unused-vars
30:10  Warning: 'lastScrollY' is assigned a value but never used.  @typescript-eslint/no-unused-vars
30:23  Warning: 'setLastScrollY' is assigned a value but never used.  @typescript-eslint/no-unused-vars

./src/components/TechnicalSpecsTable.tsx
7:3  Warning: 'TableHead' is defined but never used.  @typescript-eslint/no-unused-vars
8:3  Warning: 'TableHeader' is defined but never used.  @typescript-eslint/no-unused-vars

./src/components/WatchlogBluetoothProducts.tsx
6:45  Warning: 'Gauge' is defined but never used.  @typescript-eslint/no-unused-vars
143:58  Warning: 'productIndex' is defined but never used.  @typescript-eslint/no-unused-vars

./src/components/WatchlogUSBProducts.tsx
31:37  Warning: 'index' is defined but never used.  @typescript-eslint/no-unused-vars

./src/components/home/Hero.tsx
140:34  Warning: `'` can be escaped with `&apos;`, `&lsquo;`, `&#39;`, `&rsquo;`.  react/no-unescaped-entities

./src/components/home/Products.tsx
12:9  Warning: Unexpected any. Specify a different type.  @typescript-eslint/no-explicit-any

./src/components/ui/carousel.tsx
157:11  Warning: 'orientation' is assigned a value but never used.  @typescript-eslint/no-unused-vars

info  - Need to disable some ESLint rules? Learn more here: https://nextjs.org/docs/app/api-reference/config/eslint#disabling-rules
   Collecting page data ...
   Generating static pages (0/46) ...
   Generating static pages (11/46) 
   Generating static pages (22/46) 
   Generating static pages (34/46) 
 ✓ Generating static pages (46/46)
   Finalizing page optimization ...
   Collecting build traces ...

Route (app)                                                                                                    Size  First Load JS
┌ ○ /                                                                                                       63.8 kB         231 kB
├ ○ /_not-found                                                                                               990 B         103 kB
├ ○ /applications                                                                                             189 B         110 kB
├ ○ /careers                                                                                                  148 B         102 kB
├ ○ /contact                                                                                                  148 B         102 kB
├ ○ /products                                                                                               1.94 kB         129 kB
├ ○ /products/oil-conditioning                                                                              8.72 kB         136 kB
├ ○ /products/oil-conditioning/evamo                                                                        5.01 kB         118 kB
├ ○ /products/oil-conditioning/filtertechnik                                                                3.23 kB         125 kB
├ ○ /products/oil-conditioning/filtertechnik/particle-pal                                                   1.78 kB         112 kB
├ ○ /products/oil-conditioning/filtertechnik/s120-digital-imaging-particle-counter                          3.72 kB         122 kB
├ ○ /products/oil-conditioning/hydrotechnik                                                                 3.64 kB         126 kB
├ ○ /products/oil-conditioning/hydrotechnik/watchlog-bluetooth-sensors-gauges-and-mobile-apps                 297 B         139 kB
├ ○ /products/oil-conditioning/hydrotechnik/watchlog-csv-visualizer-software                                3.66 kB         122 kB
├ ○ /products/oil-conditioning/hydrotechnik/watchlog-pro-remote-monitoring                                  3.72 kB         122 kB
├ ○ /products/oil-conditioning/hydrotechnik/watchlog-usb                                                      298 B         139 kB
├ ○ /products/oil-conditioning/hydrotechnik/watchlog-usb/watchlog-usb-dual-pressure-and-temperature-sensor    300 B         139 kB
├ ○ /products/oil-conditioning/hydrotechnik/watchlog-usb/watchlog-usb-windows-pc-tablet-software              297 B         139 kB
├ ○ /products/oil-conditioning/hydrotechnik/watchlog-wireless-pressure-temperature-and-flow-sensors         3.74 kB         122 kB
├ ○ /products/oil-conditioning/tandelta                                                                     3.98 kB         126 kB
├ ○ /products/oil-conditioning/tandelta/cables                                                              4.01 kB         129 kB
├ ○ /products/oil-conditioning/tandelta/gateway-hub                                                           219 B         134 kB
├ ○ /products/oil-conditioning/tandelta/gateway-oqtg                                                          219 B         134 kB
├ ○ /products/oil-conditioning/tandelta/manifold                                                              219 B         134 kB
├ ○ /products/oil-conditioning/tandelta/mot-mobile-oil-test-kit                                               298 B         139 kB
├ ○ /products/oil-conditioning/tandelta/oqde-g2-display-express                                               219 B         134 kB
├ ○ /products/oil-conditioning/tandelta/oqsx-g2                                                               148 B         102 kB
├ ○ /products/oil-conditioning/tandelta/oqsx-g2-haz-oil-quality-sensor                                        219 B         134 kB
├ ○ /products/oil-conditioning/tandelta/oqsx-g2-oil-quality-sensor                                            219 B         134 kB
├ ○ /products/oil-conditioning/tandelta/oqsx-g2-sensor-kit                                                    219 B         134 kB
├ ○ /products/oil-conditioning/tandelta/sense2-display-kit                                                    219 B         134 kB
├ ○ /products/oil-conditioning/tandelta/sense3-gateway-kit                                                    219 B         134 kB
├ ○ /products/systems                                                                                       1.72 kB         112 kB
├ ○ /products/systems/crane-cameras                                                                         2.83 kB         118 kB
├ ○ /products/systems/digital-cameras                                                                       2.92 kB         122 kB
├ ○ /products/systems/digital-monitors                                                                      2.87 kB         122 kB
├ ○ /products/systems/fork-cameras                                                                          2.89 kB         122 kB
├ ○ /products/systems/front-camera-system                                                                   2.86 kB         122 kB
├ ○ /products/systems/monitors                                                                              2.95 kB         122 kB
├ ○ /products/systems/rear-view-cameras                                                                     3.04 kB         122 kB
├ ○ /products/systems/rear-view-cameras/mc3000b                                                             3.72 kB         122 kB
├ ○ /products/systems/transmissions                                                                         3.13 kB         122 kB
├ ○ /products/systems/video-control-units                                                                   3.02 kB         122 kB
└ ○ /products/systems/video-control-units/mvcd2000                                                          3.72 kB         122 kB
+ First Load JS shared by all                                                                                102 kB
  ├ chunks/1684-ec032caf9b30c65f.js                                                                         46.4 kB
  ├ chunks/4bd1b696-5119e10e90c1bd1b.js                                                                     53.2 kB
  └ other shared chunks (total)                                                                             1.94 kB


○  (Static)  prerendered as static content

